Release 14.7 - xst P.20131013 (lin64)
Copyright (c) 1995-2013 Xilinx, Inc.  All rights reserved.
--> 
Parameter TMPDIR set to xst/projnav.tmp


Total REAL time to Xst completion: 0.00 secs
Total CPU time to Xst completion: 0.07 secs
 
--> 
Parameter xsthdpdir set to xst


Total REAL time to Xst completion: 0.00 secs
Total CPU time to Xst completion: 0.07 secs
 
--> 
Reading design: CM.prj

TABLE OF CONTENTS
  1) Synthesis Options Summary
  2) HDL Parsing
  3) HDL Elaboration
  4) HDL Synthesis
       4.1) HDL Synthesis Report
  5) Advanced HDL Synthesis
       5.1) Advanced HDL Synthesis Report
  6) Low Level Synthesis
  7) Partition Report
  8) Design Summary
       8.1) Primitive and Black Box Usage
       8.2) Device utilization summary
       8.3) Partition Resource Summary
       8.4) Timing Report
            8.4.1) Clock Information
            8.4.2) Asynchronous Control Signals Information
            8.4.3) Timing Summary
            8.4.4) Timing Details
            8.4.5) Cross Clock Domains Report


=========================================================================
*                      Synthesis Options Summary                        *
=========================================================================
---- Source Parameters
Input File Name                    : "CM.prj"
Ignore Synthesis Constraint File   : NO

---- Target Parameters
Output File Name                   : "CM"
Output Format                      : NGC
Target Device                      : xc7a100t-1-csg324

---- Source Options
Top Module Name                    : CM
Automatic FSM Extraction           : YES
FSM Encoding Algorithm             : Auto
Safe Implementation                : No
FSM Style                          : LUT
RAM Extraction                     : Yes
RAM Style                          : Auto
ROM Extraction                     : Yes
Shift Register Extraction          : YES
ROM Style                          : Auto
Resource Sharing                   : YES
Asynchronous To Synchronous        : NO
Shift Register Minimum Size        : 2
Use DSP Block                      : Auto
Automatic Register Balancing       : No

---- Target Options
LUT Combining                      : Auto
Reduce Control Sets                : Auto
Add IO Buffers                     : YES
Global Maximum Fanout              : 100000
Add Generic Clock Buffer(BUFG)     : 32
Register Duplication               : YES
Optimize Instantiated Primitives   : NO
Use Clock Enable                   : Auto
Use Synchronous Set                : Auto
Use Synchronous Reset              : Auto
Pack IO Registers into IOBs        : Auto
Equivalent register Removal        : YES

---- General Options
Optimization Goal                  : Speed
Optimization Effort                : 1
Power Reduction                    : NO
Keep Hierarchy                     : No
Netlist Hierarchy                  : As_Optimized
RTL Output                         : Yes
Global Optimization                : AllClockNets
Read Cores                         : YES
Write Timing Constraints           : NO
Cross Clock Analysis               : NO
Hierarchy Separator                : /
Bus Delimiter                      : <>
Case Specifier                     : Maintain
Slice Utilization Ratio            : 100
BRAM Utilization Ratio             : 100
DSP48 Utilization Ratio            : 100
Auto BRAM Packing                  : NO
Slice Utilization Ratio Delta      : 5

=========================================================================


=========================================================================
*                          HDL Parsing                                  *
=========================================================================
Analyzing Verilog file "/home/brayan/work01-ramdp-grupo-03/src/buffer_ram_dp.v" into library work
Parsing module <buffer_ram_dp>.
Analyzing Verilog file "/home/brayan/work01-ramdp-grupo-03/src/CM.v" into library work
Parsing module <CM>.

=========================================================================
*                            HDL Elaboration                            *
=========================================================================

Elaborating module <CM>.

Elaborating module <buffer_ram_dp>.
Reading initialization file \"/home/brayan/work01-ramdp-grupo-03/src/image.men\".
WARNING:HDLCompiler:1670 - "/home/brayan/work01-ramdp-grupo-03/src/buffer_ram_dp.v" Line 54: Signal <ram> in initial block is partially initialized.
WARNING:HDLCompiler:634 - "/home/brayan/work01-ramdp-grupo-03/src/CM.v" Line 25: Net <addr_out[16]> does not have a driver.
WARNING:HDLCompiler:634 - "/home/brayan/work01-ramdp-grupo-03/src/CM.v" Line 26: Net <regread> does not have a driver.
WARNING:HDLCompiler:634 - "/home/brayan/work01-ramdp-grupo-03/src/CM.v" Line 27: Net <addr_in[16]> does not have a driver.
WARNING:HDLCompiler:634 - "/home/brayan/work01-ramdp-grupo-03/src/CM.v" Line 28: Net <data_in[15]> does not have a driver.

=========================================================================
*                           HDL Synthesis                               *
=========================================================================

Synthesizing Unit <CM>.
    Related source file is "/home/brayan/work01-ramdp-grupo-03/src/CM.v".
WARNING:Xst:653 - Signal <addr_out> is used but never assigned. This sourceless signal will be automatically connected to value GND.
WARNING:Xst:653 - Signal <addr_in> is used but never assigned. This sourceless signal will be automatically connected to value GND.
WARNING:Xst:653 - Signal <data_in> is used but never assigned. This sourceless signal will be automatically connected to value GND.
WARNING:Xst:653 - Signal <regread> is used but never assigned. This sourceless signal will be automatically connected to value GND.
    Summary:
	no macro.
Unit <CM> synthesized.

Synthesizing Unit <buffer_ram_dp>.
    Related source file is "/home/brayan/work01-ramdp-grupo-03/src/buffer_ram_dp.v".
        AW = 17
        DW = 16
        imageFILE = "/home/brayan/work01-ramdp-grupo-03/src/image.men"
    Found 131072x16-bit single-port RAM <Mram_ram> for signal <ram>.
    Found 16-bit register for signal <data_out>.
    Summary:
	inferred   1 RAM(s).
	inferred  16 D-type flip-flop(s).
Unit <buffer_ram_dp> synthesized.

=========================================================================
HDL Synthesis Report

Macro Statistics
# RAMs                                                 : 1
 131072x16-bit single-port RAM                         : 1
# Registers                                            : 1
 16-bit register                                       : 1

=========================================================================

=========================================================================
*                       Advanced HDL Synthesis                          *
=========================================================================

WARNING:Xst:1710 - FF/Latch <data_out_0> (without init value) has a constant value of 0 in block <RAM>. This FF/Latch will be trimmed during the optimization process.
WARNING:Xst:1710 - FF/Latch <data_out_1> (without init value) has a constant value of 0 in block <RAM>. This FF/Latch will be trimmed during the optimization process.
WARNING:Xst:1710 - FF/Latch <data_out_2> (without init value) has a constant value of 0 in block <RAM>. This FF/Latch will be trimmed during the optimization process.
WARNING:Xst:1710 - FF/Latch <data_out_3> (without init value) has a constant value of 0 in block <RAM>. This FF/Latch will be trimmed during the optimization process.
WARNING:Xst:1710 - FF/Latch <data_out_4> (without init value) has a constant value of 0 in block <RAM>. This FF/Latch will be trimmed during the optimization process.
WARNING:Xst:1710 - FF/Latch <data_out_5> (without init value) has a constant value of 0 in block <RAM>. This FF/Latch will be trimmed during the optimization process.
WARNING:Xst:1710 - FF/Latch <data_out_6> (without init value) has a constant value of 0 in block <RAM>. This FF/Latch will be trimmed during the optimization process.
WARNING:Xst:1710 - FF/Latch <data_out_7> (without init value) has a constant value of 0 in block <RAM>. This FF/Latch will be trimmed during the optimization process.
WARNING:Xst:1710 - FF/Latch <data_out_8> (without init value) has a constant value of 0 in block <RAM>. This FF/Latch will be trimmed during the optimization process.
WARNING:Xst:1710 - FF/Latch <data_out_9> (without init value) has a constant value of 0 in block <RAM>. This FF/Latch will be trimmed during the optimization process.
WARNING:Xst:1710 - FF/Latch <data_out_10> (without init value) has a constant value of 0 in block <RAM>. This FF/Latch will be trimmed during the optimization process.
WARNING:Xst:1710 - FF/Latch <data_out_11> (without init value) has a constant value of 0 in block <RAM>. This FF/Latch will be trimmed during the optimization process.
WARNING:Xst:1710 - FF/Latch <data_out_12> (without init value) has a constant value of 0 in block <RAM>. This FF/Latch will be trimmed during the optimization process.
WARNING:Xst:1710 - FF/Latch <data_out_13> (without init value) has a constant value of 0 in block <RAM>. This FF/Latch will be trimmed during the optimization process.
WARNING:Xst:1710 - FF/Latch <data_out_14> (without init value) has a constant value of 0 in block <RAM>. This FF/Latch will be trimmed during the optimization process.
WARNING:Xst:1710 - FF/Latch <data_out_15> (without init value) has a constant value of 0 in block <RAM>. This FF/Latch will be trimmed during the optimization process.

=========================================================================
Advanced HDL Synthesis Report

Macro Statistics
# Registers                                            : 16
 Flip-Flops                                            : 16

=========================================================================

=========================================================================
*                         Low Level Synthesis                           *
=========================================================================
WARNING:Xst:1710 - FF/Latch <data_out_0> (without init value) has a constant value of 0 in block <buffer_ram_dp>. This FF/Latch will be trimmed during the optimization process.
WARNING:Xst:1895 - Due to other FF/Latch trimming, FF/Latch <data_out_1> (without init value) has a constant value of 0 in block <buffer_ram_dp>. This FF/Latch will be trimmed during the optimization process.
WARNING:Xst:1895 - Due to other FF/Latch trimming, FF/Latch <data_out_2> (without init value) has a constant value of 0 in block <buffer_ram_dp>. This FF/Latch will be trimmed during the optimization process.
WARNING:Xst:1895 - Due to other FF/Latch trimming, FF/Latch <data_out_3> (without init value) has a constant value of 0 in block <buffer_ram_dp>. This FF/Latch will be trimmed during the optimization process.
WARNING:Xst:1895 - Due to other FF/Latch trimming, FF/Latch <data_out_4> (without init value) has a constant value of 0 in block <buffer_ram_dp>. This FF/Latch will be trimmed during the optimization process.
WARNING:Xst:1895 - Due to other FF/Latch trimming, FF/Latch <data_out_5> (without init value) has a constant value of 0 in block <buffer_ram_dp>. This FF/Latch will be trimmed during the optimization process.
WARNING:Xst:1895 - Due to other FF/Latch trimming, FF/Latch <data_out_6> (without init value) has a constant value of 0 in block <buffer_ram_dp>. This FF/Latch will be trimmed during the optimization process.
WARNING:Xst:1895 - Due to other FF/Latch trimming, FF/Latch <data_out_7> (without init value) has a constant value of 0 in block <buffer_ram_dp>. This FF/Latch will be trimmed during the optimization process.
WARNING:Xst:1895 - Due to other FF/Latch trimming, FF/Latch <data_out_8> (without init value) has a constant value of 0 in block <buffer_ram_dp>. This FF/Latch will be trimmed during the optimization process.
WARNING:Xst:1895 - Due to other FF/Latch trimming, FF/Latch <data_out_9> (without init value) has a constant value of 0 in block <buffer_ram_dp>. This FF/Latch will be trimmed during the optimization process.
WARNING:Xst:1895 - Due to other FF/Latch trimming, FF/Latch <data_out_10> (without init value) has a constant value of 0 in block <buffer_ram_dp>. This FF/Latch will be trimmed during the optimization process.
WARNING:Xst:1895 - Due to other FF/Latch trimming, FF/Latch <data_out_11> (without init value) has a constant value of 0 in block <buffer_ram_dp>. This FF/Latch will be trimmed during the optimization process.
WARNING:Xst:1895 - Due to other FF/Latch trimming, FF/Latch <data_out_12> (without init value) has a constant value of 0 in block <buffer_ram_dp>. This FF/Latch will be trimmed during the optimization process.
WARNING:Xst:1895 - Due to other FF/Latch trimming, FF/Latch <data_out_13> (without init value) has a constant value of 0 in block <buffer_ram_dp>. This FF/Latch will be trimmed during the optimization process.
WARNING:Xst:1895 - Due to other FF/Latch trimming, FF/Latch <data_out_14> (without init value) has a constant value of 0 in block <buffer_ram_dp>. This FF/Latch will be trimmed during the optimization process.
WARNING:Xst:1895 - Due to other FF/Latch trimming, FF/Latch <data_out_15> (without init value) has a constant value of 0 in block <buffer_ram_dp>. This FF/Latch will be trimmed during the optimization process.

Optimizing unit <CM> ...

Mapping all equations...
Building and optimizing final netlist ...
Found area constraint ratio of 100 (+ 5) on block CM, actual ratio is 0.

Final Macro Processing ...

=========================================================================
Final Register Report

Found no macro
=========================================================================

=========================================================================
*                           Partition Report                            *
=========================================================================

Partition Implementation Status
-------------------------------

  No Partitions were found in this design.

-------------------------------

=========================================================================
*                            Design Summary                             *
=========================================================================

Top Level Output File Name         : CM.ngc

Primitive and Black Box Usage:
------------------------------
# BELS                             : 1
#      GND                         : 1
# IO Buffers                       : 16
#      OBUF                        : 16

Device utilization summary:
---------------------------

Selected Device : 7a100tcsg324-1 


Slice Logic Utilization: 

Slice Logic Distribution: 
 Number of LUT Flip Flop pairs used:      0
   Number with an unused Flip Flop:       0  out of      0         
   Number with an unused LUT:             0  out of      0         
   Number of fully used LUT-FF pairs:     0  out of      0         
   Number of unique control sets:         0

IO Utilization: 
 Number of IOs:                          18
 Number of bonded IOBs:                  16  out of    210     7%  

Specific Feature Utilization:

---------------------------
Partition Resource Summary:
---------------------------

  No Partitions were found in this design.

---------------------------


=========================================================================
Timing Report

NOTE: THESE TIMING NUMBERS ARE ONLY A SYNTHESIS ESTIMATE.
      FOR ACCURATE TIMING INFORMATION PLEASE REFER TO THE TRACE REPORT
      GENERATED AFTER PLACE-and-ROUTE.

Clock Information:
------------------
No clock signals found in this design

Asynchronous Control Signals Information:
----------------------------------------
No asynchronous control signals found in this design

Timing Summary:
---------------
Speed Grade: -1

   Minimum period: No path found
   Minimum input arrival time before clock: No path found
   Maximum output required time after clock: No path found
   Maximum combinational path delay: No path found

Timing Details:
---------------
All values displayed in nanoseconds (ns)

=========================================================================

Cross Clock Domains Report:
--------------------------

=========================================================================


Total REAL time to Xst completion: 182.00 secs
Total CPU time to Xst completion: 154.07 secs
 
--> 


Total memory usage is 529232 kilobytes

Number of errors   :    0 (   0 filtered)
Number of warnings :   41 (   0 filtered)
Number of infos    :    0 (   0 filtered)

